Ar:dyall-cv2z.1
 23
  1   0
   216279.4210000000         1.0000000000
  1   0
    29055.1539000000         1.0000000000
  1   0
     6182.9742300000         1.0000000000
  1   0
     1671.2359200000         1.0000000000
  1   0
      526.4203050000         1.0000000000
  1   0
      184.6803060000         1.0000000000
  1   0
       70.2381594000         1.0000000000
  1   0
       28.0283299000         1.0000000000
  1   0
        7.8095520900         1.0000000000
  1   0
        3.0529304400         1.0000000000
  1   0
        0.6552131310         1.0000000000
  1   0
        0.2357142500         1.0000000000
  1   1
      494.7821360000         1.0000000000
  1   1
      113.6345230000         1.0000000000
  1   1
       35.4180102000         1.0000000000
  1   1
       12.6478698000         1.0000000000
  1   1
        4.7693475800         1.0000000000
  1   1
        1.7632984000         1.0000000000
  1   1
        0.6108043710         1.0000000000
  1   1
        0.1893991300         1.0000000000
  1   2
       11.3941141000         1.0000000000
  1   2
        2.9246400400         1.0000000000
  1   2
        0.7405467390         1.0000000000
